<?xml version="1.0" encoding="UTF-8"?>
<testng-results ignored="0" total="2" passed="2" failed="0" skipped="0">
  <reporter-output>
  </reporter-output>
  <suite started-at="2023-01-09T05:45:24Z" name="Suite" finished-at="2023-01-09T05:45:56Z" duration-ms="32020">
    <groups>
    </groups>
    <test started-at="2023-01-09T05:45:24Z" name="Test" finished-at="2023-01-09T05:45:56Z" duration-ms="32020">
      <class name="com.actitime.test.ArunJena">
        <test-method is-config="true" signature="setup()[pri:0, instance:com.actitime.test.ArunJena@446a1e84]" started-at="2023-01-09T05:45:45Z" name="setup" finished-at="2023-01-09T05:45:56Z" duration-ms="10678" status="PASS">
          <reporter-output>
          </reporter-output>
        </test-method> <!-- setup -->
        <test-method signature="arun()[pri:0, instance:com.actitime.test.ArunJena@446a1e84]" started-at="2023-01-09T05:45:56Z" name="arun" finished-at="2023-01-09T05:45:56Z" duration-ms="1" status="PASS">
          <reporter-output>
          </reporter-output>
        </test-method> <!-- arun -->
        <test-method is-config="true" signature="report()[pri:0, instance:com.actitime.test.ArunJena@446a1e84]" started-at="2023-01-09T05:45:56Z" name="report" finished-at="2023-01-09T05:45:56Z" duration-ms="0" status="PASS">
          <reporter-output>
          </reporter-output>
        </test-method> <!-- report -->
        <test-method is-config="true" signature="report1()[pri:0, instance:com.actitime.test.ArunJena@446a1e84]" started-at="2023-01-09T05:45:56Z" name="report1" finished-at="2023-01-09T05:45:56Z" duration-ms="96" status="PASS">
          <reporter-output>
          </reporter-output>
        </test-method> <!-- report1 -->
        <test-method is-config="true" signature="teardown()[pri:0, instance:com.actitime.test.ArunJena@446a1e84]" started-at="2023-01-09T05:45:56Z" name="teardown" finished-at="2023-01-09T05:45:56Z" duration-ms="0" status="PASS">
          <reporter-output>
          </reporter-output>
        </test-method> <!-- teardown -->
      </class> <!-- com.actitime.test.ArunJena -->
      <class name="com.actitime.test.ActitimeLoginLogout">
        <test-method is-config="true" signature="setup()[pri:0, instance:com.actitime.test.ActitimeLoginLogout@58e1d9d]" started-at="2023-01-09T05:45:24Z" name="setup" finished-at="2023-01-09T05:45:37Z" duration-ms="13287" status="PASS">
          <reporter-output>
          </reporter-output>
        </test-method> <!-- setup -->
        <test-method is-config="true" signature="report()[pri:0, instance:com.actitime.test.ActitimeLoginLogout@58e1d9d]" started-at="2023-01-09T05:45:37Z" name="report" finished-at="2023-01-09T05:45:38Z" duration-ms="246" status="PASS">
          <reporter-output>
          </reporter-output>
        </test-method> <!-- report -->
        <test-method signature="loginlogout()[pri:0, instance:com.actitime.test.ActitimeLoginLogout@58e1d9d]" started-at="2023-01-09T05:45:38Z" name="loginlogout" finished-at="2023-01-09T05:45:45Z" duration-ms="7361" status="PASS">
          <reporter-output>
          </reporter-output>
        </test-method> <!-- loginlogout -->
        <test-method is-config="true" signature="report1()[pri:0, instance:com.actitime.test.ActitimeLoginLogout@58e1d9d]" started-at="2023-01-09T05:45:45Z" name="report1" finished-at="2023-01-09T05:45:45Z" duration-ms="329" status="PASS">
          <reporter-output>
          </reporter-output>
        </test-method> <!-- report1 -->
        <test-method is-config="true" signature="teardown()[pri:0, instance:com.actitime.test.ActitimeLoginLogout@58e1d9d]" started-at="2023-01-09T05:45:45Z" name="teardown" finished-at="2023-01-09T05:45:45Z" duration-ms="1" status="PASS">
          <reporter-output>
          </reporter-output>
        </test-method> <!-- teardown -->
      </class> <!-- com.actitime.test.ActitimeLoginLogout -->
    </test> <!-- Test -->
  </suite> <!-- Suite -->
</testng-results>
