<?xml version="1.0" encoding="UTF-8"?>
<testng-results ignored="0" total="2" passed="2" failed="0" skipped="0">
  <reporter-output>
  </reporter-output>
  <suite started-at="2023-01-05T06:03:17Z" name="Suite" finished-at="2023-01-05T06:03:44Z" duration-ms="26997">
    <groups>
    </groups>
    <test started-at="2023-01-05T06:03:17Z" name="Test" finished-at="2023-01-05T06:03:44Z" duration-ms="26997">
      <class name="com.actitime.test.ArunJena">
        <test-method is-config="true" signature="setup()[pri:0, instance:com.actitime.test.ArunJena@4c1f22f3]" started-at="2023-01-05T06:03:35Z" name="setup" finished-at="2023-01-05T06:03:44Z" duration-ms="8912" status="PASS">
          <reporter-output>
          </reporter-output>
        </test-method> <!-- setup -->
        <test-method is-config="true" signature="report()[pri:0, instance:com.actitime.test.ArunJena@4c1f22f3]" started-at="2023-01-05T06:03:44Z" name="report" finished-at="2023-01-05T06:03:44Z" duration-ms="1" status="PASS">
          <reporter-output>
          </reporter-output>
        </test-method> <!-- report -->
        <test-method signature="arun()[pri:0, instance:com.actitime.test.ArunJena@4c1f22f3]" started-at="2023-01-05T06:03:44Z" name="arun" finished-at="2023-01-05T06:03:44Z" duration-ms="2" status="PASS">
          <reporter-output>
          </reporter-output>
        </test-method> <!-- arun -->
        <test-method is-config="true" signature="report1()[pri:0, instance:com.actitime.test.ArunJena@4c1f22f3]" started-at="2023-01-05T06:03:44Z" name="report1" finished-at="2023-01-05T06:03:44Z" duration-ms="83" status="PASS">
          <reporter-output>
          </reporter-output>
        </test-method> <!-- report1 -->
        <test-method is-config="true" signature="teardown()[pri:0, instance:com.actitime.test.ArunJena@4c1f22f3]" started-at="2023-01-05T06:03:44Z" name="teardown" finished-at="2023-01-05T06:03:44Z" duration-ms="0" status="PASS">
          <reporter-output>
          </reporter-output>
        </test-method> <!-- teardown -->
      </class> <!-- com.actitime.test.ArunJena -->
      <class name="com.actitime.test.ActitimeLoginLogout">
        <test-method is-config="true" signature="setup()[pri:0, instance:com.actitime.test.ActitimeLoginLogout@764faa6]" started-at="2023-01-05T06:03:17Z" name="setup" finished-at="2023-01-05T06:03:28Z" duration-ms="11108" status="PASS">
          <reporter-output>
          </reporter-output>
        </test-method> <!-- setup -->
        <test-method is-config="true" signature="report()[pri:0, instance:com.actitime.test.ActitimeLoginLogout@764faa6]" started-at="2023-01-05T06:03:28Z" name="report" finished-at="2023-01-05T06:03:28Z" duration-ms="206" status="PASS">
          <reporter-output>
          </reporter-output>
        </test-method> <!-- report -->
        <test-method signature="loginlogout()[pri:0, instance:com.actitime.test.ActitimeLoginLogout@764faa6]" started-at="2023-01-05T06:03:28Z" name="loginlogout" finished-at="2023-01-05T06:03:35Z" duration-ms="6348" status="PASS">
          <reporter-output>
          </reporter-output>
        </test-method> <!-- loginlogout -->
        <test-method is-config="true" signature="report1()[pri:0, instance:com.actitime.test.ActitimeLoginLogout@764faa6]" started-at="2023-01-05T06:03:35Z" name="report1" finished-at="2023-01-05T06:03:35Z" duration-ms="314" status="PASS">
          <reporter-output>
          </reporter-output>
        </test-method> <!-- report1 -->
        <test-method is-config="true" signature="teardown()[pri:0, instance:com.actitime.test.ActitimeLoginLogout@764faa6]" started-at="2023-01-05T06:03:35Z" name="teardown" finished-at="2023-01-05T06:03:35Z" duration-ms="0" status="PASS">
          <reporter-output>
          </reporter-output>
        </test-method> <!-- teardown -->
      </class> <!-- com.actitime.test.ActitimeLoginLogout -->
    </test> <!-- Test -->
  </suite> <!-- Suite -->
</testng-results>
